<?xml version="1.0" encoding="UTF-8"?>
<testng-results ignored="0" total="1" passed="1" failed="0" skipped="0">
  <reporter-output>
  </reporter-output>
  <suite started-at="2023-11-18T18:43:16 IST" name="Default suite" finished-at="2023-11-18T18:43:23 IST" duration-ms="6576">
    <groups>
    </groups>
    <test started-at="2023-11-18T18:43:16 IST" name="Default test" finished-at="2023-11-18T18:43:23 IST" duration-ms="6576">
      <class name="selenium_practice2.Assignment">
        <test-method is-config="true" signature="Init()[pri:0, instance:selenium_practice2.Assignment@42e99e4a]" started-at="2023-11-18T18:43:16 IST" name="Init" finished-at="2023-11-18T18:43:21 IST" duration-ms="5077" status="PASS">
          <reporter-output>
          </reporter-output>
        </test-method> <!-- Init -->
        <test-method signature="tableValidate()[pri:0, instance:selenium_practice2.Assignment@42e99e4a]" started-at="2023-11-18T18:43:21 IST" name="tableValidate" finished-at="2023-11-18T18:43:23 IST" duration-ms="1101" status="PASS">
          <reporter-output>
          </reporter-output>
        </test-method> <!-- tableValidate -->
        <test-method is-config="true" signature="tearDown()[pri:0, instance:selenium_practice2.Assignment@42e99e4a]" started-at="2023-11-18T18:43:23 IST" name="tearDown" finished-at="2023-11-18T18:43:23 IST" duration-ms="365" status="PASS">
          <reporter-output>
          </reporter-output>
        </test-method> <!-- tearDown -->
      </class> <!-- selenium_practice2.Assignment -->
    </test> <!-- Default test -->
  </suite> <!-- Default suite -->
</testng-results>
