<?xml version="1.0" encoding="UTF-8"?>
<testng-results ignored="0" total="1" passed="1" failed="0" skipped="0">
  <reporter-output>
  </reporter-output>
  <suite started-at="2023-11-18T16:50:20 IST" name="Default suite" finished-at="2023-11-18T16:50:28 IST" duration-ms="7440">
    <groups>
    </groups>
    <test started-at="2023-11-18T16:50:20 IST" name="Default test" finished-at="2023-11-18T16:50:28 IST" duration-ms="7440">
      <class name="selenium_practice2.Assignment1">
        <test-method is-config="true" signature="Init()[pri:0, instance:selenium_practice2.Assignment1@42e99e4a]" started-at="2023-11-18T16:50:21 IST" name="Init" finished-at="2023-11-18T16:50:25 IST" duration-ms="4692" status="PASS">
          <reporter-output>
          </reporter-output>
        </test-method> <!-- Init -->
        <test-method signature="tableValidate()[pri:0, instance:selenium_practice2.Assignment1@42e99e4a]" started-at="2023-11-18T16:50:25 IST" name="tableValidate" finished-at="2023-11-18T16:50:27 IST" duration-ms="2241" status="PASS">
          <reporter-output>
          </reporter-output>
        </test-method> <!-- tableValidate -->
        <test-method is-config="true" signature="tearDown()[pri:0, instance:selenium_practice2.Assignment1@42e99e4a]" started-at="2023-11-18T16:50:27 IST" name="tearDown" finished-at="2023-11-18T16:50:28 IST" duration-ms="449" status="PASS">
          <reporter-output>
          </reporter-output>
        </test-method> <!-- tearDown -->
      </class> <!-- selenium_practice2.Assignment1 -->
    </test> <!-- Default test -->
  </suite> <!-- Default suite -->
</testng-results>
